<?xml version="1.0" encoding="UTF-8"?>
<testsuite xmlns:xsi="http://www.w3.org/2001/XMLSchema-instance" xsi:noNamespaceSchemaLocation="https://maven.apache.org/surefire/maven-surefire-plugin/xsd/surefire-test-report.xsd" name="org.oze.hospital.StaffLoginTest" time="3.431" tests="1" errors="1" skipped="0" failures="0">
  <properties>
[...]
</properties>
  <testcase name="accessLogin" classname="org.oze.hospital.StaffLoginTest" time="1.006">
    <error message="Could not extract response: no suitable HttpMessageConverter found for response type [java.util.List&lt;org.springframework.http.ResponseEntity&lt;?&gt;&gt;] and content type [text/html;charset=UTF-8]" type="org.springframework.web.client.UnknownContentTypeException"><![CDATA[org.springframework.web.client.UnknownContentTypeException: Could not extract response: no suitable HttpMessageConverter found for response type [java.util.List<org.springframework.http.ResponseEntity<?>>] and content type [text/html;charset=UTF-8]
	at org.oze.hospital.StaffLoginTest.accessLogin(StaffLoginTest.java:43)
]]></error>
    <system-out><![CDATA[2022-01-26 18:42:42.550  INFO 14060 --- [           main] .b.t.c.SpringBootTestContextBootstrapper : Neither @ContextConfiguration nor @ContextHierarchy found for test class [org.oze.hospital.StaffLoginTest], using SpringBootContextLoader
2022-01-26 18:42:42.551  INFO 14060 --- [           main] o.s.t.c.support.AbstractContextLoader    : Could not detect default resource locations for test class [org.oze.hospital.StaffLoginTest]: no resource found for suffixes {-context.xml, Context.groovy}.
2022-01-26 18:42:42.551  INFO 14060 --- [           main] t.c.s.AnnotationConfigContextLoaderUtils : Could not detect default configuration classes for test class [org.oze.hospital.StaffLoginTest]: StaffLoginTest does not declare any static, non-private, non-final, nested classes annotated with @Configuration.
2022-01-26 18:42:42.553  INFO 14060 --- [           main] .b.t.c.SpringBootTestContextBootstrapper : Found @SpringBootConfiguration org.oze.hospital.HospitalApplication for test class org.oze.hospital.StaffLoginTest
2022-01-26 18:42:42.554  INFO 14060 --- [           main] .b.t.c.SpringBootTestContextBootstrapper : Loaded default TestExecutionListener class names from location [META-INF/spring.factories]: [org.springframework.boot.test.mock.mockito.MockitoTestExecutionListener, org.springframework.boot.test.mock.mockito.ResetMocksTestExecutionListener, org.springframework.boot.test.autoconfigure.restdocs.RestDocsTestExecutionListener, org.springframework.boot.test.autoconfigure.web.client.MockRestServiceServerResetTestExecutionListener, org.springframework.boot.test.autoconfigure.web.servlet.MockMvcPrintOnlyOnFailureTestExecutionListener, org.springframework.boot.test.autoconfigure.web.servlet.WebDriverTestExecutionListener, org.springframework.boot.test.autoconfigure.webservices.client.MockWebServiceServerTestExecutionListener, org.springframework.test.context.web.ServletTestExecutionListener, org.springframework.test.context.support.DirtiesContextBeforeModesTestExecutionListener, org.springframework.test.context.event.ApplicationEventsTestExecutionListener, org.springframework.test.context.support.DependencyInjectionTestExecutionListener, org.springframework.test.context.support.DirtiesContextTestExecutionListener, org.springframework.test.context.transaction.TransactionalTestExecutionListener, org.springframework.test.context.jdbc.SqlScriptsTestExecutionListener, org.springframework.test.context.event.EventPublishingTestExecutionListener]
2022-01-26 18:42:42.555  INFO 14060 --- [           main] .b.t.c.SpringBootTestContextBootstrapper : Using TestExecutionListeners: [org.springframework.test.context.web.ServletTestExecutionListener@20f3291d, org.springframework.test.context.support.DirtiesContextBeforeModesTestExecutionListener@2f51b100, org.springframework.test.context.event.ApplicationEventsTestExecutionListener@654dbb78, org.springframework.boot.test.mock.mockito.MockitoTestExecutionListener@1dba7721, org.springframework.boot.test.autoconfigure.SpringBootDependencyInjectionTestExecutionListener@24381e4a, org.springframework.test.context.support.DirtiesContextTestExecutionListener@6c3627c, org.springframework.test.context.transaction.TransactionalTestExecutionListener@e5d9fa7, org.springframework.test.context.jdbc.SqlScriptsTestExecutionListener@4010f232, org.springframework.test.context.event.EventPublishingTestExecutionListener@24be6e34, org.springframework.boot.test.mock.mockito.ResetMocksTestExecutionListener@39f3285d, org.springframework.boot.test.autoconfigure.restdocs.RestDocsTestExecutionListener@5b312863, org.springframework.boot.test.autoconfigure.web.client.MockRestServiceServerResetTestExecutionListener@1cf7c055, org.springframework.boot.test.autoconfigure.web.servlet.MockMvcPrintOnlyOnFailureTestExecutionListener@4b6fc231, org.springframework.boot.test.autoconfigure.web.servlet.WebDriverTestExecutionListener@6b7ebac1, org.springframework.boot.test.autoconfigure.webservices.client.MockWebServiceServerTestExecutionListener@39dee5fd]

  .   ____          _            __ _ _
 /\\ / ___'_ __ _ _(_)_ __  __ _ \ \ \ \
( ( )\___ | '_ | '_| | '_ \/ _` | \ \ \ \
 \\/  ___)| |_)| | | | | || (_| |  ) ) ) )
  '  |____| .__|_| |_|_| |_\__, | / / / /
 =========|_|==============|___/=/_/_/_/
 :: Spring Boot ::                (v2.5.7)

2022-01-26 18:42:42.597  INFO 14060 --- [           main] org.oze.hospital.StaffLoginTest          : Starting StaffLoginTest using Java 15.0.1 on TAWOL-Laptop2 with PID 14060 (started by payod in C:\Users\payod\OneDrive\Documents\GitHub\hanspet\work\oze\New folder\hospital)
2022-01-26 18:42:42.597  INFO 14060 --- [           main] org.oze.hospital.StaffLoginTest          : No active profile set, falling back to default profiles: default
2022-01-26 18:42:42.825  INFO 14060 --- [           main] .s.d.r.c.RepositoryConfigurationDelegate : Bootstrapping Spring Data JPA repositories in DEFAULT mode.
2022-01-26 18:42:42.843  INFO 14060 --- [           main] .s.d.r.c.RepositoryConfigurationDelegate : Finished Spring Data repository scanning in 17 ms. Found 2 JPA repository interfaces.
2022-01-26 18:42:42.943  INFO 14060 --- [           main] trationDelegate$BeanPostProcessorChecker : Bean 'org.springframework.security.access.expression.method.DefaultMethodSecurityExpressionHandler@4c682826' of type [org.springframework.security.access.expression.method.DefaultMethodSecurityExpressionHandler] is not eligible for getting processed by all BeanPostProcessors (for example: not eligible for auto-proxying)
2022-01-26 18:42:42.951  INFO 14060 --- [           main] trationDelegate$BeanPostProcessorChecker : Bean 'methodSecurityMetadataSource' of type [org.springframework.security.access.method.DelegatingMethodSecurityMetadataSource] is not eligible for getting processed by all BeanPostProcessors (for example: not eligible for auto-proxying)
2022-01-26 18:42:43.174  INFO 14060 --- [           main] o.s.b.w.embedded.tomcat.TomcatWebServer  : Tomcat initialized with port(s): 0 (http)
2022-01-26 18:42:43.187  INFO 14060 --- [           main] o.apache.catalina.core.StandardService   : Starting service [Tomcat]
2022-01-26 18:42:43.187  INFO 14060 --- [           main] org.apache.catalina.core.StandardEngine  : Starting Servlet engine: [Apache Tomcat/9.0.55]
2022-01-26 18:42:43.316  INFO 14060 --- [           main] o.a.c.c.C.[.[localhost].[/hospital]      : Initializing Spring embedded WebApplicationContext
2022-01-26 18:42:43.316  INFO 14060 --- [           main] w.s.c.ServletWebServerApplicationContext : Root WebApplicationContext: initialization completed in 715 ms
2022-01-26 18:42:43.437  INFO 14060 --- [           main] com.zaxxer.hikari.HikariDataSource       : HikariPool-2 - Starting...
2022-01-26 18:42:43.465  INFO 14060 --- [           main] com.zaxxer.hikari.HikariDataSource       : HikariPool-2 - Start completed.
2022-01-26 18:42:43.526  INFO 14060 --- [           main] o.hibernate.jpa.internal.util.LogHelper  : HHH000204: Processing PersistenceUnitInfo [name: default]
2022-01-26 18:42:43.533  INFO 14060 --- [           main] org.hibernate.dialect.Dialect            : HHH000400: Using dialect: org.hibernate.dialect.MySQL5Dialect
2022-01-26 18:42:43.577  INFO 14060 --- [           main] o.h.e.t.j.p.i.JtaPlatformInitiator       : HHH000490: Using JtaPlatform implementation: [org.hibernate.engine.transaction.jta.platform.internal.NoJtaPlatform]
2022-01-26 18:42:43.578  INFO 14060 --- [           main] j.LocalContainerEntityManagerFactoryBean : Initialized JPA EntityManagerFactory for persistence unit 'default'
2022-01-26 18:42:43.753  WARN 14060 --- [           main] JpaBaseConfiguration$JpaWebConfiguration : spring.jpa.open-in-view is enabled by default. Therefore, database queries may be performed during view rendering. Explicitly configure spring.jpa.open-in-view to disable this warning
2022-01-26 18:42:44.176  INFO 14060 --- [           main] o.s.s.web.DefaultSecurityFilterChain     : Will secure any request with [org.springframework.security.web.context.request.async.WebAsyncManagerIntegrationFilter@16117d9, org.springframework.security.web.context.SecurityContextPersistenceFilter@2be83e7e, org.springframework.security.web.header.HeaderWriterFilter@5d729af6, org.springframework.web.filter.CorsFilter@78977b59, org.springframework.security.web.authentication.logout.LogoutFilter@18ada4e1, org.oze.hospital.configs.JwtRequestFilter@42ceb67f, org.springframework.security.web.savedrequest.RequestCacheAwareFilter@df0b348, org.springframework.security.web.servletapi.SecurityContextHolderAwareRequestFilter@441c2d2a, org.springframework.security.web.authentication.AnonymousAuthenticationFilter@2c914364, org.springframework.security.web.session.SessionManagementFilter@2052c49f, org.springframework.security.web.access.ExceptionTranslationFilter@484dde7d, org.springframework.security.web.access.intercept.FilterSecurityInterceptor@74727e41]
2022-01-26 18:42:44.725  INFO 14060 --- [           main] o.s.b.w.embedded.tomcat.TomcatWebServer  : Tomcat started on port(s): 60096 (http) with context path '/hospital'
2022-01-26 18:42:44.731  INFO 14060 --- [           main] org.oze.hospital.StaffLoginTest          : Started StaffLoginTest in 2.169 seconds (JVM running for 9.372)
]]></system-out>
  </testcase>
</testsuite>